
Circuit 1 cell sky130_fd_pr__nfet_01v8 and Circuit 2 cell sky130_fd_pr__nfet_01v8 are black boxes.
Equate elements:  no current cell.
Device classes sky130_fd_pr__nfet_01v8 and sky130_fd_pr__nfet_01v8 are equivalent.

Circuit 1 cell sky130_fd_pr__pfet_01v8 and Circuit 2 cell sky130_fd_pr__pfet_01v8 are black boxes.
Equate elements:  no current cell.
Device classes sky130_fd_pr__pfet_01v8 and sky130_fd_pr__pfet_01v8 are equivalent.

Subcircuit summary:
Circuit 1: CSRL_latch                      |Circuit 2: CSRL_Latch                      
-------------------------------------------|-------------------------------------------
sky130_fd_pr__nfet_01v8 (8)                |sky130_fd_pr__nfet_01v8 (8)                
sky130_fd_pr__pfet_01v8 (8)                |sky130_fd_pr__pfet_01v8 (8)                
Number of devices: 16                      |Number of devices: 16                      
Number of nets: 13                         |Number of nets: 13                         
---------------------------------------------------------------------------------------
Resolving symmetries by property value.
Resolving symmetries by pin name.
Netlists match uniquely.

Subcircuit pins:
Circuit 1: CSRL_latch                      |Circuit 2: CSRL_Latch                      
-------------------------------------------|-------------------------------------------
D                                          |D                                          
Dn                                         |Dn                                         
VDD                                        |VDD                                        
GND                                        |GND                                        
CLK                                        |CLK                                        
Q                                          |Q                                          
Qn                                         |Qn                                         
---------------------------------------------------------------------------------------
Cell pin lists are equivalent.
Device classes CSRL_latch and CSRL_Latch are equivalent.

Subcircuit summary:
Circuit 1: 4bit_CSRL_latch.spice           |Circuit 2: 4bit_CSRL.spice                 
-------------------------------------------|-------------------------------------------
CSRL_latch (4)                             |CSRL_Latch (4)                             
Number of devices: 4                       |Number of devices: 4                       
Number of nets: 13                         |Number of nets: 13                         
---------------------------------------------------------------------------------------
Netlists match uniquely.
Cells have no pins;  pin matching not needed.
Device classes 4bit_CSRL_latch.spice and 4bit_CSRL.spice are equivalent.

Final result: Circuits match uniquely.
.
